[16:36:06] [ServerMain/INFO]: Environment: authHost='https://authserver.mojang.com', accountsHost='https://api.mojang.com', sessionHost='https://sessionserver.mojang.com', servicesHost='https://api.minecraftservices.com', name='PROD'
[16:36:07] [ServerMain/INFO]: Reloading ResourceManager: Default, bukkit, HammersDatapack.zip, armored elytra v1.0.5.zip, count mob deaths v1.1.2.zip, double shulker shells v1.3.2.zip, larger phantoms v1.2.3.zip, spectator night vision v1.1.2.zip, VanillaTweaks_c721647.zip
[16:36:08] [Worker-Main-2/INFO]: Loaded 7 recipes
[16:36:08] [Worker-Main-2/WARN]: Found validation problem in {minecraft:entities/shulker}.pools[1].entries[0]: Unknown loot table called minecraft:entities/reference/mmh/shulker
[16:36:09] [ServerMain/WARN]: Failed to parse resource pack prompt 'You need this pack to have proper texture.'
com.google.gson.JsonSyntaxException: com.google.gson.stream.MalformedJsonException: Use JsonReader.setLenient(true) to accept malformed JSON at line 1 column 1 path $
	at com.google.gson.internal.Streams.parse(Streams.java:60) ~[gson-2.8.8.jar:?]
	at com.google.gson.internal.bind.TreeTypeAdapter.read(TreeTypeAdapter.java:65) ~[gson-2.8.8.jar:?]
	at net.minecraft.util.GsonHelper.fromJson(GsonHelper.java:503) ~[?:?]
	at net.minecraft.util.GsonHelper.fromJson(GsonHelper.java:527) ~[?:?]
	at net.minecraft.network.chat.Component$Serializer.fromJson(Component.java:432) ~[?:?]
	at net.minecraft.server.dedicated.DedicatedServer.parseResourcePackPrompt(DedicatedServer.java:847) ~[paper-1.18.1.jar:git-Paper-177]
	at net.minecraft.server.dedicated.DedicatedServer.<init>(DedicatedServer.java:99) ~[paper-1.18.1.jar:git-Paper-177]
	at net.minecraft.server.Main.lambda$main$0(Main.java:243) ~[paper-1.18.1.jar:git-Paper-177]
	at net.minecraft.server.MinecraftServer.spin(MinecraftServer.java:327) ~[paper-1.18.1.jar:git-Paper-177]
	at net.minecraft.server.Main.main(Main.java:242) ~[paper-1.18.1.jar:git-Paper-177]
	at org.bukkit.craftbukkit.Main.main(Main.java:293) ~[paper-1.18.1.jar:git-Paper-177]
	at io.papermc.paperclip.Paperclip.lambda$main$0(Paperclip.java:42) ~[app:?]
	at java.lang.Thread.run(Thread.java:833) ~[?:?]
Caused by: com.google.gson.stream.MalformedJsonException: Use JsonReader.setLenient(true) to accept malformed JSON at line 1 column 1 path $
	at com.google.gson.stream.JsonReader.syntaxError(JsonReader.java:1562) ~[gson-2.8.8.jar:?]
	at com.google.gson.stream.JsonReader.checkLenient(JsonReader.java:1403) ~[gson-2.8.8.jar:?]
	at com.google.gson.stream.JsonReader.doPeek(JsonReader.java:592) ~[gson-2.8.8.jar:?]
	at com.google.gson.stream.JsonReader.peek(JsonReader.java:424) ~[gson-2.8.8.jar:?]
	at com.google.gson.internal.Streams.parse(Streams.java:46) ~[gson-2.8.8.jar:?]
	... 12 more
[16:36:09] [Server thread/INFO]: Starting minecraft server version 1.18.1
[16:36:09] [Server thread/INFO]: Loading properties
[16:36:09] [Server thread/INFO]: This server is running Paper version git-Paper-177 (MC: 1.18.1) (Implementing API version 1.18.1-R0.1-SNAPSHOT) (Git: 2e99e5e)
[16:36:09] [Server thread/INFO]: Server Ping Player Sample Count: 12
[16:36:09] [Server thread/INFO]: Using 4 threads for Netty based IO
[16:36:09] [Server thread/WARN]: You specified a resource pack without providing a sha1 hash. Pack will be updated on the client only if you change the name of the pack.
[16:36:09] [Server thread/INFO]: Default game type: SURVIVAL
[16:36:09] [Server thread/INFO]: Generating keypair
[16:36:09] [Server thread/INFO]: Starting Minecraft server on *:25565
[16:36:09] [Server thread/INFO]: Using default channel type
[16:36:09] [Server thread/INFO]: Paper: Using Java 11 compression from Velocity.
[16:36:09] [Server thread/INFO]: Paper: Using Java cipher from Velocity.
[16:36:11] [Server thread/ERROR]: [STDERR] [org.bukkit.craftbukkit.v1_18_R1.legacy.CraftLegacy] Initializing Legacy Material Support. Unless you have legacy plugins and/or data this is a bug!
[16:36:15] [Server thread/WARN]: Legacy plugin ItemStackReloaded v1.0 does not specify an api-version.
[16:36:15] [Server thread/WARN]: Legacy plugin MinecartFix v1.1.0 does not specify an api-version.
[16:36:15] [Server thread/WARN]: Legacy plugin SimpleMail v0.3.8 does not specify an api-version.
[16:36:15] [Server thread/WARN]: Legacy plugin UndeadHorses v5.0 does not specify an api-version.
[16:36:15] [Server thread/WARN]: Legacy plugin SimpleTpa v5.7 does not specify an api-version.
[16:36:15] [Server thread/WARN]: Legacy plugin MobLeash v1.0 does not specify an api-version.
[16:36:15] [Server thread/WARN]: Legacy plugin AdvancedReplay v1.8 does not specify an api-version.
[16:36:15] [Server thread/INFO]: [Waypoints] Loading 1 libraries... please wait
[16:36:16] [Server thread/INFO]: [Waypoints] Loaded library E:\stuff\1SvAll\minecraft\Main-server\libraries\org\jetbrains\kotlin\kotlin-stdlib-jdk8\1.6.0\kotlin-stdlib-jdk8-1.6.0.jar
[16:36:16] [Server thread/INFO]: [Waypoints] Loaded library E:\stuff\1SvAll\minecraft\Main-server\libraries\org\jetbrains\kotlin\kotlin-stdlib\1.6.0\kotlin-stdlib-1.6.0.jar
[16:36:16] [Server thread/INFO]: [Waypoints] Loaded library E:\stuff\1SvAll\minecraft\Main-server\libraries\org\jetbrains\annotations\13.0\annotations-13.0.jar
[16:36:16] [Server thread/INFO]: [Waypoints] Loaded library E:\stuff\1SvAll\minecraft\Main-server\libraries\org\jetbrains\kotlin\kotlin-stdlib-common\1.6.0\kotlin-stdlib-common-1.6.0.jar
[16:36:16] [Server thread/INFO]: [Waypoints] Loaded library E:\stuff\1SvAll\minecraft\Main-server\libraries\org\jetbrains\kotlin\kotlin-stdlib-jdk7\1.6.0\kotlin-stdlib-jdk7-1.6.0.jar
[16:36:16] [Server thread/INFO]: [Lasso] Loading Lasso v1.5
[16:36:16] [Server thread/INFO]: [Lasso] WorldGuard not installed
[16:36:16] [Server thread/INFO]: [CustomOres] Loading CustomOres v2.0
[16:36:16] [Server thread/INFO]: [BetterPickup] Loading BetterPickup v1.0
[16:36:16] [Server thread/INFO]: [GFly] Loading GFly v[2.3.0.0]
[16:36:16] [Server thread/INFO]: [PlaceholderAPI] Loading PlaceholderAPI v2.11.1
[16:36:16] [Server thread/INFO]: [ItemStackReloaded] Loading ItemStackReloaded v1.0
[16:36:16] [Server thread/INFO]: [SpigotPing] Loading SpigotPing v2.6
[16:36:16] [Server thread/INFO]: [Sudo] Loading Sudo v1.7
[16:36:16] [Server thread/INFO]: [BetterMobs] Loading BetterMobs v1.5.2
[16:36:16] [Server thread/INFO]: [Not-Too-Expensive] Loading Not-Too-Expensive v1.1
[16:36:16] [Server thread/INFO]: [MinecartFix] Loading MinecartFix v1.1.0
[16:36:16] [Server thread/INFO]: [FloatingItems] Loading FloatingItems v1.0
[16:36:16] [Server thread/INFO]: [GSit] Loading GSit v1.0.5
[16:36:16] [Server thread/INFO]: [ViaVersion] Loading ViaVersion v4.1.1
[16:36:16] [Server thread/INFO]: [ViaVersion] ViaVersion 4.1.1 is now loaded, injecting!
[16:36:16] [Via-Mappingloader-0/INFO]: [ViaVersion] Loading 1.12 -> 1.13 mappings...
[16:36:16] [Via-Mappingloader-1/INFO]: [ViaVersion] Loading 1.13 -> 1.13.2 mappings...
[16:36:16] [Via-Mappingloader-2/INFO]: [ViaVersion] Loading 1.13.2 -> 1.14 mappings...
[16:36:16] [Via-Mappingloader-3/INFO]: [ViaVersion] Loading 1.14 -> 1.15 mappings...
[16:36:16] [Via-Mappingloader-4/INFO]: [ViaVersion] Loading 1.15 -> 1.16 mappings...
[16:36:16] [Server thread/INFO]: [EnhancedEnchants] Loading EnhancedEnchants v1.4
[16:36:16] [Server thread/INFO]: [ViaBackwards] Loading ViaBackwards v4.1.1
[16:36:16] [Via-Mappingloader-0/INFO]: [ViaVersion] Loading block connection mappings ...
[16:36:16] [Via-Mappingloader-5/INFO]: [ViaVersion] Loading 1.16 -> 1.16.2 mappings...
[16:36:16] [Server thread/INFO]: [ViaBackwards] Loading translations...
[16:36:16] [Via-Mappingloader-6/INFO]: [ViaVersion] Loading 1.16.2 -> 1.17 mappings...
[16:36:16] [Via-Mappingloader-7/INFO]: [ViaVersion] Loading 1.17 -> 1.18 mappings...
[16:36:16] [Via-Mappingloader-4/INFO]: [ViaBackwards] Loading 1.10 -> 1.9.4 mappings...
[16:36:16] [Via-Mappingloader-4/INFO]: [ViaBackwards] Loading 1.11 -> 1.10 mappings...
[16:36:16] [Via-Mappingloader-4/INFO]: [ViaBackwards] Loading 1.12 -> 1.11 mappings...
[16:36:17] [Via-Mappingloader-6/INFO]: [ViaBackwards] Loading 1.13.2 -> 1.13 mappings...
[16:36:17] [Via-Mappingloader-7/INFO]: [ViaBackwards] Loading 1.14 -> 1.13.2 mappings...
[16:36:17] [Via-Mappingloader-6/INFO]: [ViaBackwards] Loading 1.15 -> 1.14 mappings...
[16:36:17] [Via-Mappingloader-4/INFO]: [ViaBackwards] Loading 1.13 -> 1.12 mappings...
[16:36:17] [Via-Mappingloader-0/INFO]: [ViaBackwards] Loading 1.16 -> 1.15 mappings...
[16:36:17] [Via-Mappingloader-5/INFO]: [ViaBackwards] Loading 1.16.2 -> 1.16 mappings...
[16:36:17] [Via-Mappingloader-3/INFO]: [ViaBackwards] Loading 1.17 -> 1.16.2 mappings...
[16:36:17] [Via-Mappingloader-2/INFO]: [ViaBackwards] Loading 1.18 -> 1.17 mappings...
[16:36:17] [Server thread/INFO]: [LuckPerms] Loading LuckPerms v5.3.86
[16:36:18] [Server thread/INFO]: [HealthBar] Loading HealthBar v1.7
[16:36:18] [Server thread/INFO]: [VanillaBosses] Loading VanillaBosses v1.5.1
[16:36:18] [Server thread/INFO]: [SimpleMail] Loading SimpleMail v0.3.8
[16:36:18] [Server thread/INFO]: [UndeadHorses] Loading UndeadHorses v5.0
[16:36:18] [Server thread/INFO]: [ProtocolLib] Loading ProtocolLib v4.7.0
[16:36:18] [Server thread/WARN]: [ProtocolLib] Version (MC: 1.18.1) has not yet been tested! Proceed with caution.
[16:36:19] [Server thread/INFO]: [SimpleTpa] Loading SimpleTpa v5.7
[16:36:19] [Server thread/INFO]: [FarmProtection] Loading FarmProtection v1.0
[16:36:19] [Server thread/INFO]: [UberEnchant] Loading UberEnchant v8.9.4
[16:36:19] [Server thread/INFO]: [Minepacks] Loading Minepacks v2.4.3-Release
[16:36:19] [Server thread/INFO]: [Minepacks] PCGF-PluginLib not installed. Switching to standalone mode!
[16:36:19] [Server thread/INFO]: [ImageOnMap] Loading ImageOnMap v4.2.2
[16:36:19] [Server thread/INFO]: [LumberJack] Loading LumberJack v5.0.0
[16:36:19] [Server thread/INFO]: [ServerMinimap] Loading ServerMinimap v0.7.25
[16:36:19] [Server thread/INFO]: [MobLeash] Loading MobLeash v1.0
[16:36:19] [Server thread/INFO]: [Vault] Loading Vault v1.7.3-b131
[16:36:19] [Server thread/INFO]: [PaperMoney] Loading PaperMoney v1.18.1.a.1
[16:36:19] [Server thread/INFO]: [ViaRewind] Loading ViaRewind v2.0.1
[16:36:19] [Server thread/INFO]: [TabTPS] Loading TabTPS v1.3.11
[16:36:19] [Server thread/INFO]: [SkinsRestorer] Loading SkinsRestorer v14.1.10
[16:36:19] [Server thread/INFO]: [Themis] Loading Themis v0.12.2
[16:36:19] [Server thread/INFO]: [dynmap] Loading dynmap v3.3-beta-4-617
[16:36:19] [Server thread/INFO]: [dynmap] version=git-Paper-177 (MC: 1.18.1)
[16:36:19] [Server thread/INFO]: [dynmap] Mod Support API available
[16:36:19] [Server thread/INFO]: [WorldEdit] Loading WorldEdit v7.2.8+6008-1246d61
[16:36:19] [Server thread/INFO]: Got request to register class com.sk89q.worldedit.bukkit.BukkitServerInterface with WorldEdit [com.sk89q.worldedit.extension.platform.PlatformManager@72f7cc0b]
[16:36:19] [Server thread/INFO]: [Essentials] Loading Essentials v2.19.2
[16:36:19] [Server thread/INFO]: [AdvancedReplay] Loading AdvancedReplay v1.8
[16:36:19] [Server thread/INFO]: [CleanMOTD] Loading CleanMOTD v0.2.7
[16:36:19] [Server thread/INFO]: [Multiverse-Core] Loading Multiverse-Core v4.3.1-b861
[16:36:19] [Server thread/INFO]: [MobsToEggs] Loading MobsToEggs v1.5.5_5
[16:36:19] [Server thread/INFO]: [SuperVanish] Loading SuperVanish v6.2.6
[16:36:19] [Server thread/INFO]: [AntiCheatReplay] Loading AntiCheatReplay v2.6.4
[16:36:19] [Server thread/INFO]: [Waypoints] Loading Waypoints v3.2.1
[16:36:19] [Server thread/INFO]: [Multiverse-Inventories] Loading Multiverse-Inventories v4.2.2-b500
[16:36:19] [Server thread/INFO]: [Graves] Loading Graves v4.5
[16:36:19] [Server thread/INFO]: [EssentialsSpawn] Loading EssentialsSpawn v2.19.2
[16:36:19] [Server thread/INFO]: [DiscordSRV] Loading DiscordSRV v1.24.0
[16:36:19] [Server thread/INFO]: [PlugManX] Loading PlugManX v2.2.8
[16:36:19] [Server thread/INFO]: true
[16:36:19] [Server thread/INFO]: Server permissions file permissions.yml is empty, ignoring it
[16:36:19] [Server thread/INFO]: [LuckPerms] Enabling LuckPerms v5.3.86
[16:36:20] [Server thread/INFO]:         __    
[16:36:20] [Server thread/INFO]:   |    |__)   LuckPerms v5.3.86
[16:36:20] [Server thread/INFO]:   |___ |      Running on Bukkit - Paper
[16:36:20] [Server thread/INFO]: 
[16:36:20] [Server thread/INFO]: [LuckPerms] Loading configuration...
[16:36:20] [Server thread/INFO]: [LuckPerms] Loading storage provider... [H2]
[16:36:21] [Server thread/INFO]: [LuckPerms] Loading internal permission managers...
[16:36:21] [Server thread/INFO]: [LuckPerms] Performing initial data load...
[16:36:21] [Server thread/INFO]: [LuckPerms] Successfully enabled. (took 1970ms)
[16:36:21] [Server thread/INFO]: [ProtocolLib] Enabling ProtocolLib v4.7.0
[16:36:21] [Server thread/INFO]: [ProtocolLib] Started structure compiler thread.
[16:36:21] [Server thread/INFO]: [Vault] Enabling Vault v1.7.3-b131
[16:36:21] [Server thread/WARN]: [Vault] Loaded class com.earth2me.essentials.api.Economy from Essentials v2.19.2 which is not a depend, softdepend or loadbefore of this plugin.
[16:36:21] [Server thread/INFO]: [Vault] [Economy] Essentials Economy found: Waiting
[16:36:21] [Server thread/INFO]: [Vault] [Permission] SuperPermissions loaded as backup permission system.
[16:36:22] [Server thread/INFO]: [Vault] Enabled Version 1.7.3-b131
[16:36:22] [Server thread/INFO]: [LuckPerms] Registered Vault permission & chat hook.
[16:36:22] [Server thread/INFO]: [ViaRewind] Enabling ViaRewind v2.0.1
[16:36:22] [Server thread/INFO]: [WorldEdit] Enabling WorldEdit v7.2.8+6008-1246d61
[16:36:22] [Server thread/INFO]: Registering commands with com.sk89q.worldedit.bukkit.BukkitServerInterface
[16:36:22] [Server thread/INFO]: WEPIF: Vault detected! Using Vault for permissions
[16:36:22] [Server thread/INFO]: Using com.sk89q.worldedit.bukkit.adapter.impl.v1_18_R1.PaperweightAdapter as the Bukkit adapter
[16:36:23] [Server thread/INFO]: [PlugManX] Enabling PlugManX v2.2.8
[16:36:23] [Server thread/WARN]: **** SERVER IS RUNNING IN OFFLINE/INSECURE MODE!
[16:36:23] [Server thread/WARN]: The server will make no attempt to authenticate usernames. Beware.
[16:36:23] [Server thread/WARN]: While this makes the game possible to play without internet access, it also opens up the ability for hackers to connect with any username they choose.
[16:36:23] [Server thread/WARN]: To change this, set "online-mode" to "true" in the server.properties file.
[16:36:23] [Server thread/INFO]: Preparing level "world"
[16:36:24] [Server thread/INFO]: Preparing start region for dimension minecraft:overworld
[16:36:24] [Server thread/INFO]: Time elapsed: 201 ms
[16:36:24] [Server thread/INFO]: Preparing start region for dimension minecraft:the_nether
[16:36:24] [Server thread/INFO]: Time elapsed: 78 ms
[16:36:24] [Server thread/INFO]: Preparing start region for dimension minecraft:the_end
[16:36:24] [Server thread/INFO]: Time elapsed: 78 ms
[16:36:24] [Server thread/INFO]: [Lasso] Enabling Lasso v1.5
[16:36:24] [Server thread/INFO]: [Lasso] Using NMS version v1_18_R1
[16:36:24] [Server thread/ERROR]: [Lasso] Error! This plugin only supports Spigot versions 1.17.1+!
[16:36:24] [Server thread/ERROR]: [Lasso] Plugin will be disabled!
[16:36:24] [Server thread/INFO]: [Lasso] Disabling Lasso v1.5
[16:36:24] [Server thread/INFO]: [CustomOres] Enabling CustomOres v2.0
[16:36:25] [Server thread/INFO]: Custom Ores Loaded Successfully
[16:36:25] [Server thread/INFO]: [BetterPickup] Enabling BetterPickup v1.0
[16:36:25] [Server thread/INFO]: [GFly] Enabling GFly v[2.3.0.0]
[16:36:25] [Server thread/INFO]: [GFly] The Plugin was successfully enabled.
[16:36:25] [Server thread/INFO]: [PlaceholderAPI] Enabling PlaceholderAPI v2.11.1
[16:36:25] [Server thread/WARN]: [PlaceholderAPI] Loaded class com.viaversion.viaversion.api.type.Type from ViaVersion v4.1.1 which is not a depend, softdepend or loadbefore of this plugin.
[16:36:25] [Server thread/INFO]: [PlaceholderAPI] Fetching available expansion information...
[16:36:25] [Server thread/INFO]: [ItemStackReloaded] Enabling ItemStackReloaded v1.0*
[16:36:25] [Server thread/INFO]: [ItemStackReloaded] Registered 5 messages and 2 different Stack sizes.
[16:36:25] [Server thread/INFO]: [ItemStackReloaded] The default stack size will be 64 items each stack. Permissions for each item are disabled.
[16:36:25] [Server thread/INFO]: [SpigotPing] Enabling SpigotPing v2.6
[16:36:25] [Server thread/INFO]: [SpigotPing] TabList is enabled, task added with a delay of 5 second/s.
[16:36:25] [Server thread/INFO]: [Sudo] Enabling Sudo v1.7
[16:36:25] [Server thread/INFO]: [Sudo] PAPI found, texts can use placeholders.
[16:36:25] [Server thread/INFO]: [BetterMobs] Enabling BetterMobs v1.5.2
[16:36:25] [Server thread/INFO]: [org.reflections.Reflections] Reflections took 41 ms to scan 1 urls, producing 3 keys and 13 values
[16:36:25] [Server thread/INFO]: [BetterMobs] Has been enabled for minecraft 1.18.*
[16:36:25] [Server thread/INFO]: [BetterMobs] There are currently no modules enabled, enable some in the config.
[16:36:25] [Server thread/INFO]: [Not-Too-Expensive] Enabling Not-Too-Expensive v1.1
[16:36:25] [Server thread/INFO]: [MinecartFix] Enabling MinecartFix v1.1.0*
[16:36:25] [Timer-1/FATAL]: Thread Timer-1 failed main thread check: Chunk getEntities call
java.lang.Throwable: null
	at org.spigotmc.AsyncCatcher.catchOp(AsyncCatcher.java:15) ~[paper-1.18.1.jar:git-Paper-177]
	at net.minecraft.server.level.ServerLevel.getEntities(ServerLevel.java:2328) ~[?:?]
	at org.bukkit.craftbukkit.v1_18_R1.CraftWorld.getNMSEntities(CraftWorld.java:1017) ~[paper-1.18.1.jar:git-Paper-177]
	at org.bukkit.craftbukkit.v1_18_R1.CraftRegionAccessor.getEntities(CraftRegionAccessor.java:392) ~[paper-1.18.1.jar:git-Paper-177]
	at de.xge.mcf.utils.timers.TeleportMinecartsTimer$1.run(TeleportMinecartsTimer.java:22) ~[MinecartFix.jar:?]
	at java.util.TimerThread.mainLoop(Timer.java:566) ~[?:?]
	at java.util.TimerThread.run(Timer.java:516) ~[?:?]
[16:36:25] [Timer-1/WARN]: Exception in thread "Timer-1" java.lang.IllegalStateException: Asynchronous Chunk getEntities call!
[16:36:25] [Timer-1/WARN]: 	at org.spigotmc.AsyncCatcher.catchOp(AsyncCatcher.java:16)
[16:36:25] [Timer-1/WARN]: 	at net.minecraft.server.level.WorldServer.I(WorldServer.java:2328)
[16:36:25] [Timer-1/WARN]: 	at org.bukkit.craftbukkit.v1_18_R1.CraftWorld.getNMSEntities(CraftWorld.java:1017)
[16:36:25] [Timer-1/WARN]: 	at org.bukkit.craftbukkit.v1_18_R1.CraftRegionAccessor.getEntities(CraftRegionAccessor.java:392)
[16:36:25] [Timer-1/WARN]: 	at MinecartFix.jar//de.xge.mcf.utils.timers.TeleportMinecartsTimer$1.run(TeleportMinecartsTimer.java:22)
[16:36:25] [Timer-1/WARN]: 	at java.base/java.util.TimerThread.mainLoop(Timer.java:566)
[16:36:25] [Timer-1/WARN]: 	at java.base/java.util.TimerThread.run(Timer.java:516)
[16:36:25] [Server thread/INFO]: [MinecartFix] Speed-fix enabled.
[16:36:25] [Server thread/INFO]: [MinecartFix] Movement-fix enabled.
[16:36:25] [Server thread/INFO]: [MinecartFix] Enabled.
[16:36:25] [Server thread/INFO]: [FloatingItems] Enabling FloatingItems v1.0
[16:36:25] [Server thread/INFO]: [GSit] Enabling GSit v1.0.5
[16:36:25] [Server thread/INFO]: [GSit] The Plugin was successfully enabled.
[16:36:25] [Server thread/INFO]: [ViaVersion] Enabling ViaVersion v4.1.1
[16:36:25] [Server thread/INFO]: [EnhancedEnchants] Enabling EnhancedEnchants v1.4
[16:36:25] [Server thread/INFO]: [ViaBackwards] Enabling ViaBackwards v4.1.1
[16:36:25] [Server thread/INFO]: [HealthBar] Enabling HealthBar v1.7
[16:36:25] [Server thread/INFO]: [VanillaBosses] Enabling VanillaBosses v1.5.1
[16:36:26] [Server thread/INFO]: The Vanilla Bosses plugin is enabled
[16:36:26] [Server thread/INFO]: [SimpleMail] Enabling SimpleMail v0.3.8*
[16:36:26] [Server thread/INFO]: [SimpleMail] 0.3.8 enabled.
[16:36:26] [Server thread/INFO]: [SimpleMail] 0 Expired Messages Cleared
[16:36:26] [Server thread/INFO]: [UndeadHorses] Enabling UndeadHorses v5.0*
[16:36:26] [Server thread/INFO]: Added effect SPEED strength 1 for zombie horses!
[16:36:26] [Server thread/INFO]: Added effect SPEED strength 1 for skeleton horses!
[16:36:26] [Server thread/INFO]: UndeadHorses[5.0] has been enabled! By extremespancake.
[16:36:26] [Server thread/INFO]: [SimpleTpa] Enabling SimpleTpa v5.7*
[16:36:26] [Server thread/INFO]: [SimpleTpa] If you need support contact me at https://discord.gg/SZUkza9
[16:36:26] [Server thread/INFO]: [SimpleTpa] Simple Tpa has been enabled on version 5.7
[16:36:26] [Server thread/INFO]: Enabled metrics. You may opt-out by changing plugins/bStats/config.yml
[16:36:26] [Server thread/INFO]: [FarmProtection] Enabling FarmProtection v1.0
[16:36:26] [Server thread/INFO]: [FarmProtection] Enabled FarmProtection v1.0
[16:36:26] [Server thread/INFO]: [UberEnchant] Enabling UberEnchant v8.9.4
[16:36:26] [Server thread/WARN]: [UberEnchant] Loaded class net.milkbowl.vault.economy.Economy from Vault v1.7.3-b131 which is not a depend, softdepend or loadbefore of this plugin.
[16:36:26] [Server thread/INFO]: [Minepacks] Enabling Minepacks v2.4.3-Release
[16:36:26] [Server thread/INFO]: [Minepacks] Starting Minepacks in standalone mode!
[16:36:26] [Server thread/INFO]: [Minepacks] [32mConfig file successfully loaded.[0m
[16:36:26] [Server thread/INFO]: [Minepacks] [32mLanguage file successfully loaded. Language: english  Author: GeorgH93[0m
[16:36:26] [Server thread/INFO]: [at.pcgamingfreaks.MinepacksStandalone.libs.com.zaxxer.hikari.HikariDataSource] Minepacks-Connection-Pool - Starting...
[16:36:26] [Server thread/INFO]: [at.pcgamingfreaks.MinepacksStandalone.libs.com.zaxxer.hikari.HikariDataSource] Minepacks-Connection-Pool - Start completed.
[16:36:26] [Thread-12/WARN]: [Minepacks] [31mThe updater could not find any files for the project id 83445 [0m
[16:36:29] [Server thread/INFO]: [Minepacks] [32m Minepacks has been enabled! [33m :) [0m
[16:36:29] [Server thread/INFO]: [ImageOnMap] Enabling ImageOnMap v4.2.2
[16:36:29] [Server thread/INFO]: [ImageOnMap] Loaded 2 player map files.
[16:36:29] [Server thread/INFO]: [LumberJack] Enabling LumberJack v5.0.0
[16:36:29] [Server thread/WARN]: [LumberJack] Loaded class me.clip.placeholderapi.expansion.PlaceholderExpansion from PlaceholderAPI v2.11.1 which is not a depend, softdepend or loadbefore of this plugin.
[16:36:29] [Server thread/INFO]: [PlaceholderAPI] Successfully registered expansion: lumberjack [5.0.0]
[16:36:29] [Server thread/INFO]: [ServerMinimap] Enabling ServerMinimap v0.7.25
[16:36:29] [Server thread/INFO]: [ServerMinimap] Created Minimap with ID 0. Use /give <name> MAP 1 0 to get the map as item. (Vanilla command)
[16:36:29] [Server thread/INFO]: [ServerMinimap] Alternative command: /minimap (Plugin command)
[16:36:29] [Server thread/INFO]: [MobLeash] Enabling MobLeash v1.0*
[16:36:29] [Server thread/INFO]: [PaperMoney] Enabling PaperMoney v1.18.1.a.1
[16:36:29] [Server thread/INFO]: [PaperMoney] PaperMoney from TheTealViper enabling!
[16:36:29] [Server thread/INFO]: [TabTPS] Enabling TabTPS v1.3.11
[16:36:29] [Server thread/INFO]: [TabTPS] Successfully registered Mojang Brigadier support for commands.
[16:36:29] [Server thread/INFO]: [TabTPS] Successfully registered asynchronous command completion listener.
[16:36:30] [Server thread/INFO]: [SkinsRestorer] Enabling SkinsRestorer v14.1.10
[16:36:30] [Server thread/INFO]: [SkinsRestorer] Detected Minecraft v1_18_R1, using MappingSpigotSkinRefresher.
[16:36:30] [Server thread/INFO]: [SkinsRestorer] [ACF] Enabled Asynchronous Tab Completion Support!
[16:36:33] [Server thread/INFO]: [Themis] Enabling Themis v0.12.2
[16:36:33] [Server thread/WARN]: [Themis] Couldn't find Floodgate which is required for Bedrock support
[16:36:33] [Server thread/INFO]: [dynmap] Enabling dynmap v3.3-beta-4-617
[16:36:33] [Server thread/INFO]: [dynmap] Added 18 custom biome mappings
[16:36:33] [Server thread/INFO]: [dynmap] Using LuckPerms 5.3.86 for access control
[16:36:33] [Server thread/INFO]: [dynmap] Mod Support processing completed
[16:36:34] [Server thread/INFO]: [dynmap] Loaded 27 shaders.
[16:36:34] [Server thread/INFO]: [dynmap] Loaded 82 perspectives.
[16:36:34] [Server thread/INFO]: [dynmap] Loaded 22 lightings.
[16:36:34] [Server thread/INFO]: [dynmap] Starting enter/exit processing
[16:36:34] [Dynmap Render Thread/INFO]: [dynmap] Finish marker initialization
[16:36:34] [Server thread/INFO]: [dynmap] Web server started on address 0.0.0.0:25568
[16:36:34] [Server thread/INFO]: [dynmap] version 3.3-beta-4-617 is enabled - core version 3.3-beta-4-617
[16:36:34] [Server thread/INFO]: [dynmap] For support, visit https://reddit.com/r/Dynmap or our Discord at https://discord.gg/s3rd5qn
[16:36:34] [Server thread/INFO]: [dynmap] To report or track bugs, visit https://github.com/webbukkit/dynmap/issues
[16:36:34] [Server thread/INFO]: [dynmap] If you'd like to donate, please visit https://www.patreon.com/dynmap or https://ko-fi.com/michaelprimm
[16:36:34] [Server thread/INFO]: [dynmap] Loaded 3 maps of world 'world'.
[16:36:34] [Server thread/INFO]: [dynmap] Loaded 2 maps of world 'world_nether'.
[16:36:34] [Server thread/INFO]: [dynmap] Loaded 2 maps of world 'world_the_end'.
[16:36:34] [Server thread/INFO]: [dynmap] Enabled
[16:36:34] [Server thread/INFO]: [Essentials] Enabling Essentials v2.19.2
[16:36:35] [Server thread/INFO]: [Essentials] Attempting to convert old kits in config.yml to new kits.yml
[16:36:35] [Server thread/INFO]: [Essentials] No kits found to migrate.
[16:36:35] [Server thread/INFO]: [Essentials] Loaded 36926 items from items.json.
[16:36:35] [Server thread/INFO]: [Essentials] Using locale en_US
[16:36:35] [Server thread/INFO]: [Essentials] ServerListPingEvent: Spigot iterator API
[16:36:35] [Server thread/INFO]: [Essentials] Starting Metrics. Opt-out using the global bStats config.
[16:36:35] [Server thread/INFO]: [Vault] [Economy] Essentials Economy hooked.
[16:36:35] [Server thread/INFO]: [Essentials] Using Vault based permissions (LuckPerms)
[16:36:35] [Server thread/INFO]: [AdvancedReplay] Enabling AdvancedReplay v1.8*
[16:36:35] [Server thread/INFO]: [AdvancedReplay] Loading Replay v1.8 by Jumper251
[16:36:35] [Server thread/INFO]: [AdvancedReplay] Finished (38ms)
[16:36:35] [Server thread/INFO]: [CleanMOTD] Enabling CleanMOTD v0.2.7
[16:36:35] [Server thread/INFO]: [Multiverse-Core] Enabling Multiverse-Core v4.3.1-b861
[16:36:35] [Server thread/WARN]: [Multiverse-Core] "Multiverse-Core v4.3.1-b861" has registered a listener for org.bukkit.event.entity.EntityCreatePortalEvent on method "public void com.onarandombox.MultiverseCore.listeners.MVPortalListener.entityPortalCreate(org.bukkit.event.entity.EntityCreatePortalEvent)", but the event is Deprecated. "Server performance will be affected"; please notify the authors [dumptruckman, Rigby, fernferret, lithium3141, main--].
[16:36:35] [Server thread/INFO]: [Multiverse-Core] We are aware of the warning about the deprecated event. There is no alternative that allows us to do what we need to do and performance impact is negligible. It is safe to ignore.
[16:36:35] [Server thread/INFO]: Preparing start region for dimension minecraft:house1
[16:36:35] [Server thread/INFO]: Preparing spawn area: 0%
[16:36:35] [Server thread/INFO]: Time elapsed: 255 ms
[16:36:35] [Server thread/INFO]: [dynmap] Loaded 3 maps of world 'House1'.
[16:36:35] [Server thread/WARN]: [Multiverse-Core] WorldManager: Can't load this world because the folder was deleted/moved: FoodFarm
[16:36:35] [Server thread/WARN]: [Multiverse-Core] Use '/mv remove' to remove it from the config!
[16:36:35] [Server thread/WARN]: [Multiverse-Core] WorldManager: Can't load this world because the folder was deleted/moved: FloatingNetherPortal
[16:36:35] [Server thread/WARN]: [Multiverse-Core] Use '/mv remove' to remove it from the config!
[16:36:35] [Server thread/WARN]: [Multiverse-Core] WorldManager: Can't load this world because the folder was deleted/moved: Hoglin
[16:36:35] [Server thread/WARN]: [Multiverse-Core] Use '/mv remove' to remove it from the config!
[16:36:37] [Server thread/INFO]: Preparing start region for dimension minecraft:quangsworld
[16:36:37] [Server thread/INFO]: Preparing spawn area: 0%
[16:36:37] [Server thread/INFO]: Time elapsed: 178 ms
[16:36:37] [Server thread/INFO]: [dynmap] Loaded 3 maps of world 'QuangsWorld'.
[16:36:37] [Server thread/WARN]: [Multiverse-Core] WorldManager: Can't load this world because the folder was deleted/moved: redstone
[16:36:37] [Server thread/WARN]: [Multiverse-Core] Use '/mv remove' to remove it from the config!
[16:36:37] [Server thread/INFO]: [Multiverse-Core] 5 - World(s) loaded.
[16:36:37] [Server thread/WARN]: [Multiverse-Core] Buscript failed to load! The script command will be disabled! If you would like not to see this message, use `/mv conf enablebuscript false` to disable Buscript from loading.
[16:36:37] [Server thread/INFO]: [Multiverse-Core] Version 4.3.1-b861 (API v24) Enabled - By dumptruckman, Rigby, fernferret, lithium3141 and main--
[16:36:37] [Server thread/INFO]: [MobsToEggs] Enabling MobsToEggs v1.5.5_5
[16:36:37] [Server thread/INFO]: [MobsToEggs] [STDOUT] Loading MobsToEggs v1.5.5_5!
[16:36:37] [Server thread/WARN]: Nag author(s): '[Sugarfyi]' of 'MobsToEggs' about their usage of System.out/err.print. Please use your plugin's logger instead (JavaPlugin#getLogger).
[16:36:37] [Server thread/INFO]: [MobsToEggs] [STDOUT] Loading language: EN
[16:36:37] [Server thread/INFO]: [MobsToEggs] [STDOUT] Loading cost type: none
[16:36:37] [Server thread/INFO]: [SuperVanish] Enabling SuperVanish v6.2.6
[16:36:37] [Server thread/INFO]: [PlaceholderAPI] Successfully registered expansion: supervanish [6.2.6]
[16:36:37] [Server thread/INFO]: [SuperVanish] Hooked into PlaceholderAPI
[16:36:37] [Server thread/INFO]: [SuperVanish] Hooked into dynmap
[16:36:37] [Server thread/INFO]: [SuperVanish] Hooked into Essentials
[16:36:37] [Server thread/INFO]: [AntiCheatReplay] Enabling AntiCheatReplay v2.6.4
[16:36:37] [Server thread/INFO]: [Waypoints] Enabling Waypoints v3.2.1
[16:36:37] [Server thread/INFO]: [Waypoints] Current database schema version: 0. Required database schema version: 0
[16:36:37] [Server thread/WARN]: [Waypoints] Could not save de.yml to plugins\Waypoints\lang\de.yml because de.yml already exists.
[16:36:37] [Server thread/WARN]: [Waypoints] Could not save en.yml to plugins\Waypoints\lang\en.yml because en.yml already exists.
[16:36:37] [Server thread/INFO]: [Waypoints] Found DynMap plugin
[16:36:37] [Server thread/INFO]: [Multiverse-Inventories] Enabling Multiverse-Inventories v4.2.2-b500
[16:36:38] [Server thread/INFO]: [Multiverse-Inventories 4.2.2-b500] enabled.
[16:36:38] [Server thread/INFO]: [Graves] Enabling Graves v4.5
[16:36:38] [Server thread/INFO]: [Graves] Integration: Hooked into Vault 1.7.3-b131.
[16:36:38] [Server thread/INFO]: [Graves] Integration: Hooked into WorldEdit 7.2.8+6008-1246d61.
[16:36:38] [Server thread/INFO]: [PlaceholderAPI] Successfully registered expansion: graves [4.5]
[16:36:38] [Server thread/INFO]: [Graves] Integration: Hooked into PlaceholderAPI 2.11.1.
[16:36:38] [Server thread/INFO]: [Graves] Compatibility: Essentials Detected, make sure you don't have the essentials.keepinv or essentials.keepxp permissions.
[16:36:38] [Server thread/INFO]: [EssentialsSpawn] Enabling EssentialsSpawn v2.19.2
[16:36:38] [Server thread/INFO]: [EssentialsSpawn] Starting Metrics. Opt-out using the global bStats config.
[16:36:38] [Server thread/INFO]: [DiscordSRV] Enabling DiscordSRV v1.24.0
[16:36:38] [Server thread/INFO]: [PlaceholderAPI] Placeholder expansion registration initializing...
[16:36:38] [Server thread/INFO]: Running delayed init tasks
[16:36:38] [Server thread/INFO]: [ViaVersion] ViaVersion detected server version: 1.18 (757)
[16:36:38] [Craft Scheduler Thread - 18 - Vault/INFO]: [Vault] Checking for Updates ... 
[16:36:39] [Craft Scheduler Thread - 10 - Essentials/INFO]: [Essentials] Fetching version information...
[16:36:39] [Server thread/INFO]: [Essentials] Essentials found a compatible payment resolution method: Vault Compatibility Layer (v1.7.3-b131)!
[16:36:39] [Server thread/INFO]: [AntiCheatReplay] Themis detected, enabling support..
[16:36:39] [Craft Scheduler Thread - 6 - SkinsRestorer/INFO]: [SkinsRestorer] ----------------------------------------------
[16:36:39] [Craft Scheduler Thread - 6 - SkinsRestorer/INFO]: [SkinsRestorer]     +==================+
[16:36:39] [Craft Scheduler Thread - 6 - SkinsRestorer/INFO]: [SkinsRestorer]     |   SkinsRestorer  |
[16:36:39] [Craft Scheduler Thread - 6 - SkinsRestorer/INFO]: [SkinsRestorer]     |------------------|
[16:36:39] [Craft Scheduler Thread - 6 - SkinsRestorer/INFO]: [SkinsRestorer]     |  Standalone Mode |
[16:36:39] [Craft Scheduler Thread - 6 - SkinsRestorer/INFO]: [SkinsRestorer]     +==================+
[16:36:39] [Craft Scheduler Thread - 6 - SkinsRestorer/INFO]: [SkinsRestorer] ----------------------------------------------
[16:36:39] [Craft Scheduler Thread - 6 - SkinsRestorer/INFO]: [SkinsRestorer]     Current version: 14.1.10
[16:36:39] [Craft Scheduler Thread - 6 - SkinsRestorer/INFO]: [SkinsRestorer]     This is the latest version!
[16:36:39] [Craft Scheduler Thread - 6 - SkinsRestorer/INFO]: [SkinsRestorer] ----------------------------------------------
[16:36:39] [Server thread/INFO]: [Graves] Update: Outdated version detected 4.5, latest version is 4.6, https://www.spigotmc.org/resources/graves.74208/
[16:36:39] [Server thread/INFO]: 0 placeholder hook(s) registered!
[16:36:39] [Server thread/INFO]: [ViaVersion] Finished mapping loading, shutting down loader executor!
[16:36:39] [Server thread/INFO]: Done (30.176s)! For help, type "help"
[16:36:39] [Server thread/INFO]: Timings Reset
[16:36:39] [Craft Scheduler Thread - 18 - Vault/INFO]: [Vault] No new version available
[16:36:39] [Craft Scheduler Thread - 1 - AntiCheatReplay/INFO]: [AntiCheatReplay] There is an update available! Download at: https://www.spigotmc.org/resources/vulcan-replay.97845/
[16:36:39] [DiscordSRV - Initialization/INFO]: [DiscordSRV] [JDA] Login Successful!
[16:36:39] [Craft Scheduler Thread - 0 - Sudo/INFO]: [Sudo] There is not a new update available.
[16:36:39] [pool-31-thread-1/INFO]: [DiscordSRV] DiscordSRV is up-to-date. (1d08598206b1af5dcc29e411cead8e152e4c3f94)
[16:36:40] [Craft Scheduler Thread - 10 - BetterMobs/WARN]: [BetterMobs] A newer version of this plugin is out, with bugfixes & additional mobs
[16:36:40] [JDA MainWS-ReadThread/INFO]: [DiscordSRV] [JDA] Connected to WebSocket
[16:36:40] [Server thread/WARN]: [LumberJack] ***************************************************
[16:36:40] [Server thread/WARN]: [LumberJack] * There is a new version of LumberJack available!
[16:36:40] [Server thread/WARN]: [LumberJack] *  
[16:36:40] [Server thread/WARN]: [LumberJack] * Your version:   5.0.0
[16:36:40] [Server thread/WARN]: [LumberJack] * Latest version: 5.1.1
[16:36:40] [Server thread/WARN]: [LumberJack] *  
[16:36:40] [Server thread/WARN]: [LumberJack] * Please update to the newest version.
[16:36:40] [Server thread/WARN]: [LumberJack] *  
[16:36:40] [Server thread/WARN]: [LumberJack] * Download:
[16:36:40] [Server thread/WARN]: [LumberJack] *   https://www.spigotmc.org/resources/60306
[16:36:40] [Server thread/WARN]: [LumberJack] ***************************************************
[16:36:42] [JDA MainWS-ReadThread/INFO]: [DiscordSRV] [JDA] Finished Loading!
[16:36:42] [DiscordSRV - Initialization/INFO]: [DiscordSRV] Found server G:LimitXD(867659688245461003)
[16:36:42] [DiscordSRV - Initialization/INFO]: [DiscordSRV] - TC:??rules?(907440137078722581)
[16:36:42] [DiscordSRV - Initialization/INFO]: [DiscordSRV] - TC:??hello?(907440139733729370)
[16:36:42] [DiscordSRV - Initialization/INFO]: [DiscordSRV] - TC:??invites?(907440140333490228)
[16:36:42] [DiscordSRV - Initialization/INFO]: [DiscordSRV] - TC:??logs?(907440145207287818)
[16:36:42] [DiscordSRV - Initialization/INFO]: [DiscordSRV] - TC:??discord?(907440148151677038)
[16:36:42] [DiscordSRV - Initialization/INFO]: [DiscordSRV] - TC:??thông-báo?(907440149917478952)
[16:36:42] [DiscordSRV - Initialization/INFO]: [DiscordSRV] - TC:??general?(907440152018821132)
[16:36:42] [DiscordSRV - Initialization/INFO]: [DiscordSRV] - TC:??war?(907440154174713897)
[16:36:42] [DiscordSRV - Initialization/INFO]: [DiscordSRV] - TC:??bad?(907440156548665385)
[16:36:42] [DiscordSRV - Initialization/INFO]: [DiscordSRV] - TC:??picture-video?(907440158171860993)
[16:36:42] [DiscordSRV - Initialization/INFO]: [DiscordSRV] - TC:??suggest?(907440159618899978)
[16:36:42] [DiscordSRV - Initialization/INFO]: [DiscordSRV] - TC:??call-game?(907440160440995891)
[16:36:42] [DiscordSRV - Initialization/INFO]: [DiscordSRV] - TC:haha-funly(907440161732825120)
[16:36:42] [DiscordSRV - Initialization/INFO]: [DiscordSRV] - TC:private(907440163548983306)
[16:36:42] [DiscordSRV - Initialization/INFO]: [DiscordSRV] - TC:ans(907440164450750484)
[16:36:42] [DiscordSRV - Initialization/INFO]: [DiscordSRV] - TC:?minecraft?(907440167961382922)
[16:36:42] [DiscordSRV - Initialization/INFO]: [DiscordSRV] - TC:?minecraft-respack?(907440169177718854)
[16:36:42] [DiscordSRV - Initialization/INFO]: [DiscordSRV] - TC:??prefix?(907440170415038464)
[16:36:42] [DiscordSRV - Initialization/INFO]: [DiscordSRV] - TC:??pokemon?(907440172130533437)
[16:36:42] [DiscordSRV - Initialization/INFO]: [DiscordSRV] - TC:??pokemon-trade?(907440174135410708)
[16:36:42] [DiscordSRV - Initialization/INFO]: [DiscordSRV] - TC:??spam?(907440174663893023)
[16:36:42] [DiscordSRV - Initialization/INFO]: [DiscordSRV] - TC:??poke-war?(907440175775371275)
[16:36:42] [DiscordSRV - Initialization/INFO]: [DiscordSRV] - TC:??how-to-use-owo?(907440177021075516)
[16:36:42] [DiscordSRV - Initialization/INFO]: [DiscordSRV] - TC:??owo?(907440178820440064)
[16:36:42] [DiscordSRV - Initialization/INFO]: [DiscordSRV] - TC:??dankmemer?(907440179902554112)
[16:36:42] [DiscordSRV - Initialization/INFO]: [DiscordSRV] - TC:??song-reqs?(907440180699488257)
[16:36:42] [DiscordSRV - Initialization/INFO]: [DiscordSRV] - TC:verify(907440182108766208)
[16:36:42] [DiscordSRV - Initialization/INFO]: [DiscordSRV] - TC:altdentifier-logs(907440182930837554)
[16:36:42] [DiscordSRV - Initialization/INFO]: [DiscordSRV] Found server G:NoIdeaWhatTheServerNameXD(867709869477330965)
[16:36:42] [DiscordSRV - Initialization/INFO]: [DiscordSRV] - TC:verify(905605447657074708)
[16:36:42] [DiscordSRV - Initialization/INFO]: [DiscordSRV] - TC:hello(905611679595905064)
[16:36:42] [DiscordSRV - Initialization/INFO]: [DiscordSRV] - TC:?information?(905597118796935178)
[16:36:42] [DiscordSRV - Initialization/INFO]: [DiscordSRV] - TC:?minecraft-update?(905597119237349447)
[16:36:42] [DiscordSRV - Initialization/INFO]: [DiscordSRV] - TC:?general?(938446334661382144)
[16:36:42] [DiscordSRV - Initialization/INFO]: [DiscordSRV] - TC:?market?(938712265463595039)
[16:36:42] [DiscordSRV - Initialization/INFO]: [DiscordSRV] - TC:?minecraft-ig-chat?(912950765688066089)
[16:36:42] [DiscordSRV - Initialization/INFO]: [DiscordSRV] - TC:?whitelist-log?(905597126413779005)
[16:36:42] [DiscordSRV - Initialization/INFO]: [DiscordSRV] - TC:?bot-commands?(905694805168906260)
[16:36:42] [DiscordSRV - Initialization/INFO]: [DiscordSRV] - TC:whitelist-reqs(905597127210704947)
[16:36:42] [DiscordSRV - Initialization/INFO]: [DiscordSRV] - TC:altdentifier-logs(905611182092722238)
[16:36:42] [DiscordSRV - Initialization/INFO]: [DiscordSRV] - TC:cheat-notif(938674302390255646)
[16:36:42] [DiscordSRV - Initialization/INFO]: [DiscordSRV] - TC:test(938675691841531924)
[16:36:42] [DiscordSRV - Initialization/INFO]: [DiscordSRV] - TC:test2(938676296039419944)
[16:36:42] [DiscordSRV - Initialization/INFO]: [DiscordSRV] - TC:test3(938676907560542249)
[16:36:42] [DiscordSRV - Initialization/INFO]: [DiscordSRV] - TC:?song-reqs?(905597138124308510)
[16:36:42] [DiscordSRV - Initialization/INFO]: [DiscordSRV] Found server G:lmao bu?n quá(797686342866829382)
[16:36:42] [DiscordSRV - Initialization/INFO]: [DiscordSRV] - TC:verify(905602143392784445)
[16:36:42] [DiscordSRV - Initialization/INFO]: [DiscordSRV] - TC:??rules?(841552347586494514)
[16:36:42] [DiscordSRV - Initialization/INFO]: [DiscordSRV] - TC:??hello?(841264938076602428)
[16:36:42] [DiscordSRV - Initialization/INFO]: [DiscordSRV] - TC:??invite?(841264660573061142)
[16:36:42] [DiscordSRV - Initialization/INFO]: [DiscordSRV] - TC:??logs?(856800601991544832)
[16:36:42] [DiscordSRV - Initialization/INFO]: [DiscordSRV] - TC:??discord?(841911733962276924)
[16:36:42] [DiscordSRV - Initialization/INFO]: [DiscordSRV] - TC:??thông-báo?(844571922523095070)
[16:36:42] [DiscordSRV - Initialization/INFO]: [DiscordSRV] - TC:??general?(874564804495409213)
[16:36:42] [DiscordSRV - Initialization/INFO]: [DiscordSRV] - TC:??war?(919843566916861973)
[16:36:42] [DiscordSRV - Initialization/INFO]: [DiscordSRV] - TC:??shitpost?(848873635715219467)
[16:36:42] [DiscordSRV - Initialization/INFO]: [DiscordSRV] - TC:??ai-chat?(913957438758215731)
[16:36:42] [DiscordSRV - Initialization/INFO]: [DiscordSRV] - TC:??call-game?(841989092135927809)
[16:36:42] [DiscordSRV - Initialization/INFO]: [DiscordSRV] - TC:bruh-bruh-bruh-bruh-bruh-bruh-bruh-bruh-bruh-bruh-bruh-bruh-bruh-bruh-bruh-bruh-bruh-bruh-bruh-bruh(915814635893051472)
[16:36:42] [DiscordSRV - Initialization/INFO]: [DiscordSRV] - TC:private(885725624117899284)
[16:36:42] [DiscordSRV - Initialization/INFO]: [DiscordSRV] - TC:ans(897749564675723264)
[16:36:42] [DiscordSRV - Initialization/INFO]: [DiscordSRV] - TC:altdentifier-logs(905603538590257152)
[16:36:42] [DiscordSRV - Initialization/INFO]: [DiscordSRV] - TC:cursed(925929273724928000)
[16:36:42] [DiscordSRV - Initialization/INFO]: [DiscordSRV] - TC:link(930661321014386688)
[16:36:42] [DiscordSRV - Initialization/INFO]: [DiscordSRV] - TC:?minecraft?(894739607055396904)
[16:36:42] [DiscordSRV - Initialization/INFO]: [DiscordSRV] - TC:??prefix?(841965017481609246)
[16:36:42] [DiscordSRV - Initialization/INFO]: [DiscordSRV] - TC:??pokemon?(841988621371572244)
[16:36:42] [DiscordSRV - Initialization/INFO]: [DiscordSRV] - TC:??pokemon-trade?(841988699621031936)
[16:36:42] [DiscordSRV - Initialization/INFO]: [DiscordSRV] - TC:??poke-war?(859339833264177172)
[16:36:42] [DiscordSRV - Initialization/INFO]: [DiscordSRV] - TC:??spam?(913732933561491487)
[16:36:42] [DiscordSRV - Initialization/INFO]: [DiscordSRV] - TC:??how-to-use-owo?(851349504498335784)
[16:36:42] [DiscordSRV - Initialization/INFO]: [DiscordSRV] - TC:??owo?(851346886185975849)
[16:36:42] [DiscordSRV - Initialization/INFO]: [DiscordSRV] - TC:??dankmemer?(900004863075827723)
[16:36:42] [DiscordSRV - Initialization/INFO]: [DiscordSRV] - TC:??music-reqs?(927903159060410389)
[16:36:42] [DiscordSRV - Initialization/INFO]: [DiscordSRV] - TC:count(914380084624883712)
[16:36:42] [DiscordSRV - Initialization/INFO]: [DiscordSRV] - TC:test-bot2(916516107890880513)
[16:36:42] [DiscordSRV - Initialization/INFO]: [DiscordSRV] Console channel ID was invalid, not forwarding console output
[16:36:42] [Server thread/WARN]: UUID of added entity already exists: EntityArmorStand['Armor Stand'/239, uuid='291dfbec-2b7b-4c2b-9899-f665ea53af5d', l='ServerLevel[world]', x=22068880.50, y=1000.00, z=-4185487.50, cpos=[1379305, -261593], tl=53817, v=false]
[16:36:42] [DiscordSRV - Initialization/INFO]: [DiscordSRV] Enabling Essentials hook
[16:36:42] [DiscordSRV - Initialization/INFO]: [DiscordSRV] Enabling SuperVanish hook
[16:36:42] [DiscordSRV - Initialization/INFO]: [DiscordSRV] Enabling dynmap hook
[16:36:42] [DiscordSRV - Initialization/INFO]: [DiscordSRV] Enabling LuckPerms hook
[16:36:42] [DiscordSRV - Initialization/INFO]: [DiscordSRV] No chat plugin hooks enabled
[16:36:42] [DiscordSRV - Initialization/INFO]: [DiscordSRV] Enabling PlaceholderAPI hook
[16:36:42] [Server thread/INFO]: [PlaceholderAPI] Successfully registered expansion: discordsrv [1.24.0]
[16:37:02] [User Authenticator #1/INFO]: UUID of player llblyat is 0e108571-d05b-3069-b49c-735b8b51bedb
[16:37:02] [Server thread/INFO]: llblyat joined the game
[16:37:02] [Server thread/INFO]: llblyat[/26.108.185.86:60696] logged in with entity id 607 at ([world]125.65870664024308, 57.0, -16.116884306760205)
[16:37:03] [Craft Scheduler Thread - 4 - DiscordSRV/ERROR]: [DiscordSRV] Your AvatarUrl does not contain the {username} placeholder even though this server is using offline UUIDs.
[16:37:03] [Craft Scheduler Thread - 4 - DiscordSRV/ERROR]: [DiscordSRV] https://cravatar.eu/helmavatar/{username}/{size}.png#{texture} will be used because the default value does not support offline mode servers
[16:37:03] [Craft Scheduler Thread - 4 - DiscordSRV/ERROR]: [DiscordSRV] You should set your AvatarUrl to https://cravatar.eu/helmavatar/{username}/{size}.png#{texture} (or another url that supports usernames) to get rid of this error
[16:37:40] [Dynmap Render Thread/INFO]: [dynmap] Loading default resource pack
[16:42:34] [User Authenticator #2/INFO]: UUID of player Limitrious is 8b7a760b-b3e2-3664-8d22-aa8084dbb487
[16:42:34] [Server thread/INFO]: Disconnecting com.mojang.authlib.GameProfile@3ce929e3[id=8b7a760b-b3e2-3664-8d22-aa8084dbb487,name=Limitrious,properties={},legacy=false] (/127.0.0.1:1289): You are not whitelisted on this server!
[16:42:34] [Server thread/INFO]: Disconnecting com.mojang.authlib.GameProfile@3ce929e3[id=8b7a760b-b3e2-3664-8d22-aa8084dbb487,name=Limitrious,properties={},legacy=false] (/127.0.0.1:1289): You are not whitelisted on this server!
[16:42:34] [Server thread/INFO]: Disconnecting com.mojang.authlib.GameProfile@3ce929e3[id=8b7a760b-b3e2-3664-8d22-aa8084dbb487,name=Limitrious,properties={},legacy=false] (/127.0.0.1:1289): You are not whitelisted on this server!
[16:42:34] [Server thread/INFO]: com.mojang.authlib.GameProfile@3ce929e3[id=8b7a760b-b3e2-3664-8d22-aa8084dbb487,name=Limitrious,properties={},legacy=false] (/127.0.0.1:1289) lost connection: You are not whitelisted on this server!
[16:42:57] [Server thread/INFO]: Added Limitrious to the whitelist
[16:43:36] [User Authenticator #3/INFO]: UUID of player Limitrious is 8b7a760b-b3e2-3664-8d22-aa8084dbb487
[16:43:36] [Server thread/INFO]: Limitrious joined the game
[16:43:36] [Server thread/INFO]: Limitrious[/127.0.0.1:26621] logged in with entity id 1741 at ([world]25.5, 86.0, 57.5)
[16:44:39] [Server thread/INFO]: llblyat has made the advancement [Cover Me with Diamonds]
[16:44:59] [Server thread/INFO]: Made Limitrious a server operator
[16:45:12] [Server thread/INFO]: Limitrious issued server command: /invsee N0tor1ousss
[16:45:50] [User Authenticator #4/INFO]: UUID of player N0tor1ousss is 5583dad8-0e30-3f2b-a6c1-8dbad0f937c5
[16:45:50] [Netty Server IO #3/ERROR]: [ViaBackwards] Custom worlds heights are NOT SUPPORTED for 1.16 players and older and may lead to errors!
[16:45:50] [Netty Server IO #3/ERROR]: [ViaBackwards] You have min/max set to -64/384
[16:45:50] [Server thread/INFO]: N0tor1ousss joined the game
[16:45:50] [Server thread/INFO]: N0tor1ousss[/127.0.0.1:26678] logged in with entity id 2283 at ([world]137.85803012936836, 65.0, 12.495312451672742)
[16:45:56] [Server thread/INFO]: Limitrious issued server command: /invsee N0tor1ousss
[16:45:59] [Server thread/INFO]: Limitrious has made the advancement [Ice Bucket Challenge]
[16:46:16] [Server thread/INFO]: N0tor1ousss lost connection: Disconnected
[16:46:16] [Server thread/INFO]: N0tor1ousss left the game
[16:46:23] [Server thread/INFO]: [AntiCheatReplay] Starting recording of player: Limitrious
[16:47:05] [Server thread/INFO]: Limitrious has made the advancement [Diamonds!]
[16:47:39] [Server thread/INFO]: Limitrious has made the advancement [Cover Me with Diamonds]
[16:48:23] [Craft Scheduler Thread - 64 - AntiCheatReplay/INFO]: [AntiCheatReplay] Not saving recording...
[16:48:44] [Server thread/INFO]: Limitrious has made the advancement [Stone Age]
[16:49:05] [Server thread/INFO]: Made Limitrious no longer a server operator
[16:50:45] [Server thread/INFO]: [AntiCheatReplay] Starting recording of player: Limitrious
[16:51:50] [Server thread/INFO]: Limitrious has made the advancement [Monster Hunter]
[16:52:45] [Craft Scheduler Thread - 82 - AntiCheatReplay/INFO]: [AntiCheatReplay] Not saving recording...
[16:52:48] [Server thread/INFO]: [AntiCheatReplay] Starting recording of player: Limitrious
[16:53:36] [Server thread/INFO]: Limitrious has made the advancement [Acquire Hardware]
[16:54:48] [Craft Scheduler Thread - 90 - AntiCheatReplay/INFO]: [AntiCheatReplay] Not saving recording...
[16:55:42] [Server thread/INFO]: Limitrious has made the advancement [We Need to Go Deeper]
[16:56:25] [Server thread/INFO]: Limitrious has made the advancement [Those Were the Days]
[16:56:57] [Server thread/INFO]: Limitrious burned to death
[16:58:27] [Server thread/INFO]: Limitrious has made the advancement [Suit Up]
[16:59:13] [User Authenticator #5/INFO]: UUID of player Helplessness is f208e9e2-b504-3ce6-9d88-bc9bc1ae37c1
[16:59:13] [Server thread/INFO]: Disconnecting com.mojang.authlib.GameProfile@533e3d7b[id=f208e9e2-b504-3ce6-9d88-bc9bc1ae37c1,name=Helplessness,properties={},legacy=false] (/192.168.7.109:27053): You are not whitelisted on this server!
[16:59:13] [Server thread/INFO]: com.mojang.authlib.GameProfile@533e3d7b[id=f208e9e2-b504-3ce6-9d88-bc9bc1ae37c1,name=Helplessness,properties={},legacy=false] (/192.168.7.109:27053) lost connection: You are not whitelisted on this server!
[16:59:58] [User Authenticator #5/INFO]: UUID of player Helplessness is f208e9e2-b504-3ce6-9d88-bc9bc1ae37c1
[16:59:58] [Server thread/INFO]: Disconnecting com.mojang.authlib.GameProfile@7435a1f3[id=f208e9e2-b504-3ce6-9d88-bc9bc1ae37c1,name=Helplessness,properties={},legacy=false] (/192.168.7.109:27064): You are not whitelisted on this server!
[16:59:58] [Server thread/INFO]: com.mojang.authlib.GameProfile@7435a1f3[id=f208e9e2-b504-3ce6-9d88-bc9bc1ae37c1,name=Helplessness,properties={},legacy=false] (/192.168.7.109:27064) lost connection: You are not whitelisted on this server!
[17:00:20] [Server thread/INFO]: Limitrious fell from a high place
[17:00:34] [Server thread/INFO]: Added Helplessness to the whitelist
[17:00:37] [User Authenticator #5/INFO]: UUID of player Helplessness is f208e9e2-b504-3ce6-9d88-bc9bc1ae37c1
[17:00:37] [Server thread/INFO]: Helplessness joined the game
[17:00:37] [Server thread/INFO]: Helplessness[/192.168.7.109:27074] logged in with entity id 8588 at ([world]34.5, 97.0, 64.5)
[17:00:45] [Server thread/INFO]: [AntiCheatReplay] Starting recording of player: Limitrious
[17:01:16] [Server thread/INFO]: Limitrious was blown up by Creeper
[17:01:28] [Server thread/INFO]: [AntiCheatReplay] Starting recording of player: Helplessness
[17:02:32] [Server thread/INFO]: Helplessness has made the advancement [Sweet Dreams]
[17:02:45] [Craft Scheduler Thread - 118 - AntiCheatReplay/INFO]: [AntiCheatReplay] Not saving recording...
[17:03:24] [Async Chat Thread - #0/INFO]: <Helplessness> ok
[17:03:28] [Craft Scheduler Thread - 120 - AntiCheatReplay/INFO]: [AntiCheatReplay] Not saving recording...
[17:05:42] [Server thread/INFO]: [AntiCheatReplay] Starting recording of player: Helplessness
[17:06:51] [Server thread/INFO]: Limitrious has made the advancement [Sweet Dreams]
[17:07:17] [Server thread/INFO]: Limitrious issued server command: /crawl
[17:07:42] [Craft Scheduler Thread - 120 - AntiCheatReplay/INFO]: [AntiCheatReplay] Not saving recording...
[17:08:25] [Server thread/INFO]: Helplessness lost connection: Disconnected
[17:08:25] [Server thread/INFO]: Helplessness left the game
[17:09:01] [Server thread/INFO]: Limitrious issued server command: /sit
[17:09:18] [Server thread/INFO]: llblyat lost connection: Disconnected
[17:09:18] [Server thread/INFO]: llblyat left the game
[17:09:38] [luckperms-command-executor/INFO]: [LP] Preparing a new editor session, please wait...
[17:09:39] [luckperms-command-executor/INFO]: [LP] Click the link below to open the editor:
[17:09:39] [luckperms-command-executor/INFO]: https://luckperms.net/editor/6OekClT5h3
[17:10:44] [luckperms-command-executor/INFO]: [LP] Web editor data was applied to group default successfully.
[17:10:44] [luckperms-command-executor/INFO]: [LP] (4 additions and 0 deletions)
[17:10:44] [luckperms-command-executor/INFO]: +  gsit.crawl (true)
[17:10:44] [luckperms-command-executor/INFO]: +  gsit.lay (true)
[17:10:44] [luckperms-command-executor/INFO]: +  gsit.bellyflop (true)
[17:10:44] [luckperms-command-executor/INFO]: +  gsit.spin (true)
[17:10:51] [Server thread/INFO]: Limitrious issued server command: /bellyflop
[17:10:59] [Server thread/INFO]: Limitrious issued server command: /bellyflop
[17:11:03] [Server thread/INFO]: Limitrious issued server command: /kick
[17:11:03] [Server thread/INFO]: [Essentials] Limitrious was denied access to command.
[17:11:13] [Server thread/INFO]: Limitrious issued server command: /spin
[17:11:35] [Server thread/INFO]: Limitrious issued server command: /tpa Limitrious
[17:14:41] [Server thread/INFO]: Limitrious issued server command: /lumberjack
[17:15:04] [Server thread/INFO]: Limitrious lost connection: Disconnected
[17:15:04] [Server thread/INFO]: Limitrious left the game
[17:15:32] [Server thread/INFO]: Stopping the server
[17:15:32] [Server thread/INFO]: Stopping server
[17:15:32] [Server thread/INFO]: [PlugManX] Disabling PlugManX v2.2.8
[17:15:32] [Server thread/INFO]: [DiscordSRV] Disabling DiscordSRV v1.24.0
[17:15:32] [DiscordSRV - Shutdown/INFO]: [DiscordSRV] Saved linked accounts in 33ms
[17:15:33] [DiscordSRV - Shutdown/INFO]: [DiscordSRV] Shutdown completed in 918ms
[17:15:33] [Server thread/INFO]: [EssentialsSpawn] Disabling EssentialsSpawn v2.19.2
[17:15:33] [Server thread/INFO]: [Graves] Disabling Graves v4.5
[17:15:33] [Server thread/INFO]: [Multiverse-Inventories] Disabling Multiverse-Inventories v4.2.2-b500
[17:15:33] [Server thread/INFO]: [Waypoints] Disabling Waypoints v3.2.1
[17:15:33] [Server thread/INFO]: [AntiCheatReplay] Disabling AntiCheatReplay v2.6.4
[17:15:33] [Server thread/INFO]: [SuperVanish] Disabling SuperVanish v6.2.6
[17:15:33] [Server thread/INFO]: [MobsToEggs] Disabling MobsToEggs v1.5.5_5
[17:15:33] [Server thread/INFO]: [Multiverse-Core] Disabling Multiverse-Core v4.3.1-b861
[17:15:33] [Server thread/INFO]: [CleanMOTD] Disabling CleanMOTD v0.2.7
[17:15:33] [Server thread/INFO]: [AdvancedReplay] Disabling AdvancedReplay v1.8
[17:15:33] [Server thread/INFO]: [Essentials] Disabling Essentials v2.19.2
[17:15:33] [Server thread/INFO]: [Vault] [Economy] Essentials Economy unhooked.
[17:15:33] [Server thread/INFO]: [WorldEdit] Disabling WorldEdit v7.2.8+6008-1246d61
[17:15:34] [Server thread/INFO]: Unregistering com.sk89q.worldedit.bukkit.BukkitServerInterface from WorldEdit
[17:15:34] [Server thread/INFO]: [dynmap] Disabling dynmap v3.3-beta-4-617
[17:15:34] [Server thread/INFO]: [dynmap] Unloaded 11 components.
[17:15:34] [Server thread/INFO]: [dynmap] Stopping map renderer...
[17:15:35] [Server thread/INFO]: [dynmap] Disabled
[17:15:35] [Server thread/INFO]: [Themis] Disabling Themis v0.12.2
[17:15:35] [Server thread/INFO]: [SkinsRestorer] Disabling SkinsRestorer v14.1.10
[17:15:35] [Server thread/INFO]: [TabTPS] Disabling TabTPS v1.3.11
[17:15:35] [Server thread/INFO]: [ViaRewind] Disabling ViaRewind v2.0.1
[17:15:35] [Server thread/INFO]: [PaperMoney] Disabling PaperMoney v1.18.1.a.1
[17:15:35] [Server thread/INFO]: [PaperMoney] PaperMoney from TheTealViper shutting down. Bshzzzzzz
[17:15:35] [Server thread/INFO]: [Vault] Disabling Vault v1.7.3-b131
[17:15:35] [Server thread/INFO]: [MobLeash] Disabling MobLeash v1.0
[17:15:35] [Server thread/INFO]: [ServerMinimap] Disabling ServerMinimap v0.7.25
[17:15:35] [Server thread/INFO]: [LumberJack] Disabling LumberJack v5.0.0
[17:15:35] [Server thread/INFO]: [ImageOnMap] Disabling ImageOnMap v4.2.2
[17:15:35] [Server thread/INFO]: [Minepacks] Disabling Minepacks v2.4.3-Release
[17:15:36] [Server thread/INFO]: [at.pcgamingfreaks.MinepacksStandalone.libs.com.zaxxer.hikari.HikariDataSource] Minepacks-Connection-Pool - Shutdown initiated...
[17:15:36] [Server thread/INFO]: [at.pcgamingfreaks.MinepacksStandalone.libs.com.zaxxer.hikari.HikariDataSource] Minepacks-Connection-Pool - Shutdown completed.
[17:15:36] [Server thread/INFO]: [Minepacks] [31m Minepacks has been disabled. [33m :( [0m
[17:15:36] [Server thread/INFO]: [UberEnchant] Disabling UberEnchant v8.9.4
[17:15:36] [Server thread/INFO]: [FarmProtection] Disabling FarmProtection v1.0
[17:15:36] [Server thread/INFO]: [SimpleTpa] Disabling SimpleTpa v5.7
[17:15:36] [Server thread/INFO]: [SimpleTpa] If you need support contact me at https://discord.gg/SZUkza9
[17:15:36] [Server thread/INFO]: [SimpleTpa] Simple Tpa has been disabled on version 5.7
[17:15:36] [Server thread/INFO]: [ProtocolLib] Disabling ProtocolLib v4.7.0
[17:15:36] [Server thread/INFO]: [UndeadHorses] Disabling UndeadHorses v5.0
[17:15:36] [Server thread/INFO]: UndeadHorses[5.0] has been disabled!
[17:15:36] [Server thread/INFO]: [SimpleMail] Disabling SimpleMail v0.3.8
[17:15:36] [Server thread/INFO]: [SimpleMail] 0 Expired Messages Cleared
[17:15:36] [Server thread/INFO]: [SimpleMail] 0.3.8 disabled.
[17:15:36] [Server thread/INFO]: [VanillaBosses] Disabling VanillaBosses v1.5.1
[17:15:36] [Server thread/INFO]: The Vanilla Bosses plugin is disabled
[17:15:36] [Server thread/INFO]: [HealthBar] Disabling HealthBar v1.7
[17:15:36] [Server thread/INFO]: [HealthBar] Configuration file saved.
[17:15:36] [Server thread/INFO]: [LuckPerms] Disabling LuckPerms v5.3.86
[17:15:36] [Server thread/INFO]: [LuckPerms] Starting shutdown process...
[17:15:36] [Server thread/INFO]: [LuckPerms] Closing storage...
[17:15:36] [Server thread/INFO]: [LuckPerms] Goodbye!
[17:15:36] [Server thread/INFO]: [ViaBackwards] Disabling ViaBackwards v4.1.1
[17:15:36] [Server thread/INFO]: [EnhancedEnchants] Disabling EnhancedEnchants v1.4
[17:15:36] [Server thread/INFO]: [EnhancedEnchants] made by Kars
[17:15:36] [Server thread/INFO]: [ViaVersion] Disabling ViaVersion v4.1.1
[17:15:36] [Server thread/INFO]: [ViaVersion] ViaVersion is disabling, if this is a reload and you experience issues consider rebooting.
[17:15:37] [Server thread/INFO]: [GSit] Disabling GSit v1.0.5
[17:15:37] [Server thread/INFO]: [GSit] The Plugin was successfully disabled.
[17:15:37] [Server thread/INFO]: [FloatingItems] Disabling FloatingItems v1.0
[17:15:37] [Server thread/INFO]: [MinecartFix] Disabling MinecartFix v1.1.0
[17:15:37] [Server thread/INFO]: [Not-Too-Expensive] Disabling Not-Too-Expensive v1.1
[17:15:37] [Server thread/INFO]: [BetterMobs] Disabling BetterMobs v1.5.2
[17:15:37] [Server thread/INFO]: [BetterMobs] Has been disabled.
[17:15:37] [Server thread/INFO]: [Sudo] Disabling Sudo v1.7
[17:15:37] [Server thread/INFO]: [SpigotPing] Disabling SpigotPing v2.6
[17:15:37] [Server thread/INFO]: [SpigotPing] Cancelling tasks...
[17:15:37] [Server thread/INFO]: [ItemStackReloaded] Disabling ItemStackReloaded v1.0
[17:15:37] [Server thread/INFO]: [ItemStackReloaded] Item Stacker Plugin is now disabled!
[17:15:37] [Server thread/INFO]: [PlaceholderAPI] Disabling PlaceholderAPI v2.11.1
[17:15:37] [Server thread/INFO]: [GFly] Disabling GFly v[2.3.0.0]
[17:15:37] [Server thread/INFO]: [GFly] The Plugin was successfully disabled.
[17:15:37] [Server thread/INFO]: [BetterPickup] Disabling BetterPickup v1.0
[17:15:37] [Server thread/INFO]: [CustomOres] Disabling CustomOres v2.0
[17:15:37] [Server thread/INFO]: Custom Ores Shut Down Successfully
[17:15:37] [Server thread/INFO]: Saving players
[17:15:37] [Server thread/INFO]: Saving worlds
[17:15:37] [Server thread/INFO]: Saving chunks for level 'ServerLevel[world]'/minecraft:overworld
[17:15:37] [Server thread/INFO]: Saving chunks for level 'ServerLevel[world_nether]'/minecraft:the_nether
[17:15:37] [Server thread/INFO]: Saving chunks for level 'ServerLevel[world_the_end]'/minecraft:the_end
[17:15:38] [Server thread/INFO]: Saving chunks for level 'ServerLevel[House1]'/minecraft:house1
[17:15:38] [Server thread/INFO]: Saving chunks for level 'ServerLevel[QuangsWorld]'/minecraft:quangsworld
[17:15:38] [Server thread/INFO]: ThreadedAnvilChunkStorage (world): All chunks are saved
[17:15:38] [Server thread/INFO]: ThreadedAnvilChunkStorage (DIM-1): All chunks are saved
[17:15:38] [Server thread/INFO]: ThreadedAnvilChunkStorage (DIM1): All chunks are saved
[17:15:38] [Server thread/INFO]: ThreadedAnvilChunkStorage (House1): All chunks are saved
[17:15:38] [Server thread/INFO]: ThreadedAnvilChunkStorage (QuangsWorld): All chunks are saved
[17:15:38] [Server thread/INFO]: ThreadedAnvilChunkStorage: All dimensions are saved
[17:15:38] [Server thread/INFO]: Flushing Chunk IO
[17:15:38] [Server thread/INFO]: Closing Thread Pool
[17:15:38] [Server thread/INFO]: Closing Server
